[0.109s] DEBUG:colcon:Command line arguments: ['/home/sip-mobility/miniconda3/envs/vInt_host/bin/colcon', 'build', '--symlink-install', '--packages-select', 'vint_ros']
[0.109s] DEBUG:colcon:Parsed command line arguments: Namespace(log_base=None, log_level=None, verb_name='build', build_base='build', install_base='install', merge_install=False, symlink_install=True, test_result_base=None, continue_on_error=False, executor='parallel', parallel_workers=32, event_handlers=None, ignore_user_meta=False, metas=['./colcon.meta'], base_paths=['.'], packages_ignore=None, packages_ignore_regex=None, paths=None, packages_up_to=None, packages_up_to_regex=None, packages_above=None, packages_above_and_dependencies=None, packages_above_depth=None, packages_select_by_dep=None, packages_skip_by_dep=None, packages_skip_up_to=None, packages_select_build_failed=False, packages_skip_build_finished=False, packages_select_test_failures=False, packages_skip_test_passed=False, packages_select=['vint_ros'], packages_skip=None, packages_select_regex=None, packages_skip_regex=None, packages_start=None, packages_end=None, cmake_args=None, cmake_target=None, cmake_target_skip_unavailable=False, cmake_clean_cache=False, cmake_clean_first=False, cmake_force_configure=False, ament_cmake_args=None, catkin_cmake_args=None, catkin_skip_building_tests=False, verb_parser=<colcon_defaults.argument_parser.defaults.DefaultArgumentsDecorator object at 0x76fa11659ea0>, verb_extension=<colcon_core.verb.build.BuildVerb object at 0x76fa11659960>, main=<bound method BuildVerb.main of <colcon_core.verb.build.BuildVerb object at 0x76fa11659960>>)
[0.135s] Level 1:colcon.colcon_core.package_discovery:discover_packages(colcon_meta) check parameters
[0.135s] Level 1:colcon.colcon_core.package_discovery:discover_packages(recursive) check parameters
[0.135s] Level 1:colcon.colcon_core.package_discovery:discover_packages(ignore) check parameters
[0.135s] Level 1:colcon.colcon_core.package_discovery:discover_packages(path) check parameters
[0.135s] Level 1:colcon.colcon_core.package_discovery:discover_packages(colcon_meta) discover
[0.135s] Level 1:colcon.colcon_core.package_discovery:discover_packages(recursive) discover
[0.135s] INFO:colcon.colcon_core.package_discovery:Crawling recursively for packages in '/home/sip-mobility/docker_projects/nav2_ws/src/voice_recognition_system'
[0.135s] Level 1:colcon.colcon_core.package_identification:_identify(.) by extensions ['ignore', 'ignore_ament_install']
[0.135s] Level 1:colcon.colcon_core.package_identification:_identify(.) by extension 'ignore'
[0.135s] Level 1:colcon.colcon_core.package_identification:_identify(.) by extension 'ignore_ament_install'
[0.135s] Level 1:colcon.colcon_core.package_identification:_identify(.) by extensions ['colcon_pkg']
[0.135s] Level 1:colcon.colcon_core.package_identification:_identify(.) by extension 'colcon_pkg'
[0.135s] Level 1:colcon.colcon_core.package_identification:_identify(.) by extensions ['colcon_meta']
[0.135s] Level 1:colcon.colcon_core.package_identification:_identify(.) by extension 'colcon_meta'
[0.135s] Level 1:colcon.colcon_core.package_identification:_identify(.) by extensions ['ros']
[0.135s] Level 1:colcon.colcon_core.package_identification:_identify(.) by extension 'ros'
[0.153s] Level 1:colcon.colcon_core.package_identification:_identify(.) by extensions ['cmake', 'python']
[0.153s] Level 1:colcon.colcon_core.package_identification:_identify(.) by extension 'cmake'
[0.153s] Level 1:colcon.colcon_core.package_identification:_identify(.) by extension 'python'
[0.153s] Level 1:colcon.colcon_core.package_identification:_identify(.) by extensions ['python_setup_py']
[0.153s] Level 1:colcon.colcon_core.package_identification:_identify(.) by extension 'python_setup_py'
[0.153s] Level 1:colcon.colcon_core.package_identification:_identify(build) by extensions ['ignore', 'ignore_ament_install']
[0.153s] Level 1:colcon.colcon_core.package_identification:_identify(build) by extension 'ignore'
[0.154s] Level 1:colcon.colcon_core.package_identification:_identify(build) ignored
[0.154s] Level 1:colcon.colcon_core.package_identification:_identify(edge_pose_test) by extensions ['ignore', 'ignore_ament_install']
[0.154s] Level 1:colcon.colcon_core.package_identification:_identify(edge_pose_test) by extension 'ignore'
[0.154s] Level 1:colcon.colcon_core.package_identification:_identify(edge_pose_test) by extension 'ignore_ament_install'
[0.154s] Level 1:colcon.colcon_core.package_identification:_identify(edge_pose_test) by extensions ['colcon_pkg']
[0.154s] Level 1:colcon.colcon_core.package_identification:_identify(edge_pose_test) by extension 'colcon_pkg'
[0.154s] Level 1:colcon.colcon_core.package_identification:_identify(edge_pose_test) by extensions ['colcon_meta']
[0.154s] Level 1:colcon.colcon_core.package_identification:_identify(edge_pose_test) by extension 'colcon_meta'
[0.154s] Level 1:colcon.colcon_core.package_identification:_identify(edge_pose_test) by extensions ['ros']
[0.154s] Level 1:colcon.colcon_core.package_identification:_identify(edge_pose_test) by extension 'ros'
[0.154s] Level 1:colcon.colcon_core.package_identification:_identify(edge_pose_test) by extensions ['cmake', 'python']
[0.154s] Level 1:colcon.colcon_core.package_identification:_identify(edge_pose_test) by extension 'cmake'
[0.154s] Level 1:colcon.colcon_core.package_identification:_identify(edge_pose_test) by extension 'python'
[0.154s] Level 1:colcon.colcon_core.package_identification:_identify(edge_pose_test) by extensions ['python_setup_py']
[0.154s] Level 1:colcon.colcon_core.package_identification:_identify(edge_pose_test) by extension 'python_setup_py'
[0.154s] Level 1:colcon.colcon_core.package_identification:_identify(install) by extensions ['ignore', 'ignore_ament_install']
[0.154s] Level 1:colcon.colcon_core.package_identification:_identify(install) by extension 'ignore'
[0.154s] Level 1:colcon.colcon_core.package_identification:_identify(install) ignored
[0.154s] Level 1:colcon.colcon_core.package_identification:_identify(log) by extensions ['ignore', 'ignore_ament_install']
[0.154s] Level 1:colcon.colcon_core.package_identification:_identify(log) by extension 'ignore'
[0.154s] Level 1:colcon.colcon_core.package_identification:_identify(log) ignored
[0.154s] Level 1:colcon.colcon_core.package_identification:_identify(vint_ros) by extensions ['ignore', 'ignore_ament_install']
[0.154s] Level 1:colcon.colcon_core.package_identification:_identify(vint_ros) by extension 'ignore'
[0.154s] Level 1:colcon.colcon_core.package_identification:_identify(vint_ros) by extension 'ignore_ament_install'
[0.154s] Level 1:colcon.colcon_core.package_identification:_identify(vint_ros) by extensions ['colcon_pkg']
[0.154s] Level 1:colcon.colcon_core.package_identification:_identify(vint_ros) by extension 'colcon_pkg'
[0.154s] Level 1:colcon.colcon_core.package_identification:_identify(vint_ros) by extensions ['colcon_meta']
[0.154s] Level 1:colcon.colcon_core.package_identification:_identify(vint_ros) by extension 'colcon_meta'
[0.154s] Level 1:colcon.colcon_core.package_identification:_identify(vint_ros) by extensions ['ros']
[0.154s] Level 1:colcon.colcon_core.package_identification:_identify(vint_ros) by extension 'ros'
[0.155s] DEBUG:colcon.colcon_core.package_identification:Package 'vint_ros' with type 'ros.ament_cmake' and name 'vint_ros'
[0.155s] Level 1:colcon.colcon_core.package_discovery:discover_packages(recursive) using defaults
[0.155s] Level 1:colcon.colcon_core.package_discovery:discover_packages(ignore) discover
[0.155s] Level 1:colcon.colcon_core.package_discovery:discover_packages(ignore) using defaults
[0.155s] Level 1:colcon.colcon_core.package_discovery:discover_packages(path) discover
[0.155s] Level 1:colcon.colcon_core.package_discovery:discover_packages(path) using defaults
[0.168s] Level 5:colcon.colcon_core.verb:set package 'vint_ros' build argument 'cmake_args' from command line to 'None'
[0.168s] Level 5:colcon.colcon_core.verb:set package 'vint_ros' build argument 'cmake_target' from command line to 'None'
[0.168s] Level 5:colcon.colcon_core.verb:set package 'vint_ros' build argument 'cmake_target_skip_unavailable' from command line to 'False'
[0.168s] Level 5:colcon.colcon_core.verb:set package 'vint_ros' build argument 'cmake_clean_cache' from command line to 'False'
[0.168s] Level 5:colcon.colcon_core.verb:set package 'vint_ros' build argument 'cmake_clean_first' from command line to 'False'
[0.168s] Level 5:colcon.colcon_core.verb:set package 'vint_ros' build argument 'cmake_force_configure' from command line to 'False'
[0.168s] Level 5:colcon.colcon_core.verb:set package 'vint_ros' build argument 'ament_cmake_args' from command line to 'None'
[0.168s] Level 5:colcon.colcon_core.verb:set package 'vint_ros' build argument 'catkin_cmake_args' from command line to 'None'
[0.168s] Level 5:colcon.colcon_core.verb:set package 'vint_ros' build argument 'catkin_skip_building_tests' from command line to 'False'
[0.168s] DEBUG:colcon.colcon_core.verb:Building package 'vint_ros' with the following arguments: {'ament_cmake_args': None, 'build_base': '/home/sip-mobility/docker_projects/nav2_ws/src/voice_recognition_system/build/vint_ros', 'catkin_cmake_args': None, 'catkin_skip_building_tests': False, 'cmake_args': None, 'cmake_clean_cache': False, 'cmake_clean_first': False, 'cmake_force_configure': False, 'cmake_target': None, 'cmake_target_skip_unavailable': False, 'install_base': '/home/sip-mobility/docker_projects/nav2_ws/src/voice_recognition_system/install/vint_ros', 'merge_install': False, 'path': '/home/sip-mobility/docker_projects/nav2_ws/src/voice_recognition_system/vint_ros', 'symlink_install': True, 'test_result_base': None}
[0.168s] INFO:colcon.colcon_core.executor:Executing jobs using 'parallel' executor
[0.169s] DEBUG:colcon.colcon_parallel_executor.executor.parallel:run_until_complete
[0.169s] INFO:colcon.colcon_ros.task.ament_cmake.build:Building ROS package in '/home/sip-mobility/docker_projects/nav2_ws/src/voice_recognition_system/vint_ros' with build type 'ament_cmake'
[0.169s] INFO:colcon.colcon_cmake.task.cmake.build:Building CMake package in '/home/sip-mobility/docker_projects/nav2_ws/src/voice_recognition_system/vint_ros'
[0.170s] INFO:colcon.colcon_core.plugin_system:Skipping extension 'colcon_core.shell.bat': Not used on non-Windows systems
[0.170s] INFO:colcon.colcon_core.shell:Skip shell extension 'powershell' for command environment: Not usable outside of PowerShell
[0.170s] DEBUG:colcon.colcon_core.shell:Skip shell extension 'dsv' for command environment
[0.175s] DEBUG:colcon.colcon_core.event_handler.log_command:Invoking command in '/home/sip-mobility/docker_projects/nav2_ws/src/voice_recognition_system/build/vint_ros': CMAKE_PREFIX_PATH=/opt/ros/humble CONDA_PROMPT_MODIFIER=(vInt_host) /usr/bin/cmake /home/sip-mobility/docker_projects/nav2_ws/src/voice_recognition_system/vint_ros -DAMENT_CMAKE_SYMLINK_INSTALL=1 -DCMAKE_INSTALL_PREFIX=/home/sip-mobility/docker_projects/nav2_ws/src/voice_recognition_system/install/vint_ros
[0.268s] DEBUG:colcon.colcon_core.event_handler.log_command:Invoked command in '/home/sip-mobility/docker_projects/nav2_ws/src/voice_recognition_system/build/vint_ros' returned '1': CMAKE_PREFIX_PATH=/opt/ros/humble CONDA_PROMPT_MODIFIER=(vInt_host) /usr/bin/cmake /home/sip-mobility/docker_projects/nav2_ws/src/voice_recognition_system/vint_ros -DAMENT_CMAKE_SYMLINK_INSTALL=1 -DCMAKE_INSTALL_PREFIX=/home/sip-mobility/docker_projects/nav2_ws/src/voice_recognition_system/install/vint_ros
[0.277s] Level 1:colcon.colcon_core.environment:create_environment_scripts_only(vint_ros)
[0.280s] Level 1:colcon.colcon_core.environment:checking '/home/sip-mobility/docker_projects/nav2_ws/src/voice_recognition_system/install/vint_ros' for CMake module files
[0.280s] Level 1:colcon.colcon_core.environment:checking '/home/sip-mobility/docker_projects/nav2_ws/src/voice_recognition_system/install/vint_ros' for CMake config files
[0.281s] Level 1:colcon.colcon_core.environment:checking '/home/sip-mobility/docker_projects/nav2_ws/src/voice_recognition_system/install/vint_ros/bin'
[0.281s] Level 1:colcon.colcon_core.environment:checking '/home/sip-mobility/docker_projects/nav2_ws/src/voice_recognition_system/install/vint_ros/lib/pkgconfig/vint_ros.pc'
[0.281s] Level 1:colcon.colcon_core.environment:checking '/home/sip-mobility/docker_projects/nav2_ws/src/voice_recognition_system/install/vint_ros/lib/python3.10/site-packages'
[0.281s] Level 1:colcon.colcon_core.environment:checking '/home/sip-mobility/docker_projects/nav2_ws/src/voice_recognition_system/install/vint_ros/bin'
[0.282s] INFO:colcon.colcon_core.shell:Creating package script '/home/sip-mobility/docker_projects/nav2_ws/src/voice_recognition_system/install/vint_ros/share/vint_ros/package.ps1'
[0.282s] INFO:colcon.colcon_core.shell:Creating package descriptor '/home/sip-mobility/docker_projects/nav2_ws/src/voice_recognition_system/install/vint_ros/share/vint_ros/package.dsv'
[0.283s] INFO:colcon.colcon_core.shell:Creating package script '/home/sip-mobility/docker_projects/nav2_ws/src/voice_recognition_system/install/vint_ros/share/vint_ros/package.sh'
[0.284s] INFO:colcon.colcon_core.shell:Creating package script '/home/sip-mobility/docker_projects/nav2_ws/src/voice_recognition_system/install/vint_ros/share/vint_ros/package.bash'
[0.285s] INFO:colcon.colcon_core.shell:Creating package script '/home/sip-mobility/docker_projects/nav2_ws/src/voice_recognition_system/install/vint_ros/share/vint_ros/package.zsh'
[0.286s] Level 1:colcon.colcon_core.environment:create_file_with_runtime_dependencies(/home/sip-mobility/docker_projects/nav2_ws/src/voice_recognition_system/install/vint_ros/share/colcon-core/packages/vint_ros)
[0.296s] DEBUG:colcon.colcon_parallel_executor.executor.parallel:closing loop
[0.296s] DEBUG:colcon.colcon_parallel_executor.executor.parallel:loop closed
[0.296s] DEBUG:colcon.colcon_parallel_executor.executor.parallel:run_until_complete finished with '1'
[0.296s] DEBUG:colcon.colcon_core.event_reactor:joining thread
[0.298s] INFO:colcon.colcon_core.plugin_system:Skipping extension 'colcon_notification.desktop_notification.notify2': 'notify2' not found
[0.299s] INFO:colcon.colcon_core.plugin_system:Skipping extension 'colcon_notification.desktop_notification.terminal_notifier': Not used on non-Darwin systems
[0.299s] INFO:colcon.colcon_core.plugin_system:Skipping extension 'colcon_notification.desktop_notification.win32': Not used on non-Windows systems
[0.299s] INFO:colcon.colcon_notification.desktop_notification:Sending desktop notification using 'notify_send'
[0.311s] DEBUG:colcon.colcon_core.event_reactor:joined thread
[0.311s] INFO:colcon.colcon_core.shell:Creating prefix script '/home/sip-mobility/docker_projects/nav2_ws/src/voice_recognition_system/install/local_setup.ps1'
[0.312s] INFO:colcon.colcon_core.shell:Creating prefix util module '/home/sip-mobility/docker_projects/nav2_ws/src/voice_recognition_system/install/_local_setup_util_ps1.py'
[0.313s] INFO:colcon.colcon_core.shell:Creating prefix chain script '/home/sip-mobility/docker_projects/nav2_ws/src/voice_recognition_system/install/setup.ps1'
[0.314s] INFO:colcon.colcon_core.shell:Creating prefix script '/home/sip-mobility/docker_projects/nav2_ws/src/voice_recognition_system/install/local_setup.sh'
[0.315s] INFO:colcon.colcon_core.shell:Creating prefix util module '/home/sip-mobility/docker_projects/nav2_ws/src/voice_recognition_system/install/_local_setup_util_sh.py'
[0.316s] INFO:colcon.colcon_core.shell:Creating prefix chain script '/home/sip-mobility/docker_projects/nav2_ws/src/voice_recognition_system/install/setup.sh'
[0.317s] INFO:colcon.colcon_core.shell:Creating prefix script '/home/sip-mobility/docker_projects/nav2_ws/src/voice_recognition_system/install/local_setup.bash'
[0.318s] INFO:colcon.colcon_core.shell:Creating prefix chain script '/home/sip-mobility/docker_projects/nav2_ws/src/voice_recognition_system/install/setup.bash'
[0.319s] INFO:colcon.colcon_core.shell:Creating prefix script '/home/sip-mobility/docker_projects/nav2_ws/src/voice_recognition_system/install/local_setup.zsh'
[0.320s] INFO:colcon.colcon_core.shell:Creating prefix chain script '/home/sip-mobility/docker_projects/nav2_ws/src/voice_recognition_system/install/setup.zsh'
