[0.005s] Invoking command in '/home/sip-mobility/docker_projects/nav2_ws/src/voice_recognition_system/build/vint_ros': CMAKE_PREFIX_PATH=/opt/ros/humble CONDA_PROMPT_MODIFIER=(base) /usr/bin/cmake /home/sip-mobility/docker_projects/nav2_ws/src/voice_recognition_system/vint_ros -DAMENT_CMAKE_SYMLINK_INSTALL=1 -DCMAKE_INSTALL_PREFIX=/home/sip-mobility/docker_projects/nav2_ws/src/voice_recognition_system/install/vint_ros
[0.097s] -- The C compiler identification is GNU 11.4.0
[0.157s] -- The CXX compiler identification is GNU 11.4.0
[0.164s] -- Detecting C compiler ABI info
[0.210s] -- Detecting C compiler ABI info - done
[0.213s] -- Check for working C compiler: /usr/bin/cc - skipped
[0.214s] -- Detecting C compile features
[0.215s] -- Detecting C compile features - done
[0.217s] -- Detecting CXX compiler ABI info
[0.265s] -- Detecting CXX compiler ABI info - done
[0.269s] -- Check for working CXX compiler: /usr/bin/c++ - skipped
[0.269s] -- Detecting CXX compile features
[0.269s] -- Detecting CXX compile features - done
[0.273s] -- Found ament_cmake: 1.3.11 (/opt/ros/humble/share/ament_cmake/cmake)
[0.468s] -- Found Python3: /home/sip-mobility/miniconda3/bin/python3 (found version "3.13.11") found components: Interpreter 
[0.510s] -- Override CMake install command with custom implementation using symlinks instead of copying resources
[0.553s] Traceback (most recent call last):
[0.554s]   File "/opt/ros/humble/share/ament_cmake_core/cmake/core/package_xml_2_cmake.py", line 22, in <module>
[0.554s]     from catkin_pkg.package import parse_package_string
[0.554s] ModuleNotFoundError: No module named 'catkin_pkg'
[0.556s] [31mCMake Error at /opt/ros/humble/share/ament_cmake_core/cmake/core/ament_package_xml.cmake:95 (message):
[0.556s]   execute_process(/home/sip-mobility/miniconda3/bin/python3
[0.556s]   /opt/ros/humble/share/ament_cmake_core/cmake/core/package_xml_2_cmake.py
[0.556s]   /home/sip-mobility/docker_projects/nav2_ws/src/voice_recognition_system/vint_ros/package.xml
[0.556s]   /home/sip-mobility/docker_projects/nav2_ws/src/voice_recognition_system/build/vint_ros/ament_cmake_core/package.cmake)
[0.556s]   returned error code 1
[0.557s] Call Stack (most recent call first):
[0.557s]   /opt/ros/humble/share/ament_cmake_core/cmake/core/ament_package_xml.cmake:49 (_ament_package_xml)
[0.557s]   /opt/ros/humble/share/ament_cmake_python/cmake/ament_python_install_package.cmake:60 (ament_package_xml)
[0.557s]   /opt/ros/humble/share/ament_cmake_python/cmake/ament_python_install_package.cmake:39 (_ament_cmake_python_install_package)
[0.557s]   CMakeLists.txt:10 (ament_python_install_package)
[0.557s] 
[0.557s] [0m
[0.557s] -- Configuring incomplete, errors occurred!
[0.557s] See also "/home/sip-mobility/docker_projects/nav2_ws/src/voice_recognition_system/build/vint_ros/CMakeFiles/CMakeOutput.log".
[0.559s] Invoked command in '/home/sip-mobility/docker_projects/nav2_ws/src/voice_recognition_system/build/vint_ros' returned '1': CMAKE_PREFIX_PATH=/opt/ros/humble CONDA_PROMPT_MODIFIER=(base) /usr/bin/cmake /home/sip-mobility/docker_projects/nav2_ws/src/voice_recognition_system/vint_ros -DAMENT_CMAKE_SYMLINK_INSTALL=1 -DCMAKE_INSTALL_PREFIX=/home/sip-mobility/docker_projects/nav2_ws/src/voice_recognition_system/install/vint_ros
